Namespace(model='KRMBUserResponse', reader='KRMBSeqReader')
Namespace(attn_n_head=4, batch_size=128, cuda=0, data_separator=',', dropout_rate=0.1, enc_dim=64, epoch=10, item_latent_dim=32, item_meta_file='../dataset/kuairand/kuairand-Pure/data/video_features_basic_Pure_fillna.csv', l2_coef=0.01, loss='bce', lr=0.0001, max_hist_seq_len=100, meta_file_sep=',', model_path='output/Kuairand_Pure/env/user_KRMBUserResponse_lr0.0001_reg0.01_nlayer2.model', n_worker=4, save_with_val=False, scorer_hidden_dims=[128, 32], seed=619607, state_hidden_dims=[128], test_batch_size=128, test_file='', test_holdout_per_user=5, train_file='../dataset/kuairand/kuairand-Pure/data/log_session_4_08_to_5_08_Pure.csv', transformer_d_forward=64, transformer_n_layer=2, user_latent_dim=32, user_meta_file='../dataset/kuairand/kuairand-Pure/data/user_features_Pure_fillna.csv', val_batch_size=128, val_file='', val_holdout_per_user=5)
initiate KuaiRandMultiBehaior sequence reader
Loading data files
Load item meta data
Load user meta data
build vocab for onehot features
build vocab for onehot features
build vocab for multihot features:
	tag
sequence holdout for users (-1, 5, 5)
data statistics:
 {'raw_data_size': 1341250, 'data_size': [1124729, 89160, 89160], 'n_user': 19574, 'n_item': 5659, 'max_seq_len': 100, 'user_features': ['user_active_degree', 'is_live_streamer', 'is_video_author', 'follow_user_num_range', 'fans_user_num_range', 'friend_user_num_range', 'register_days_range', 'onehot_feat0', 'onehot_feat1', 'onehot_feat6', 'onehot_feat9', 'onehot_feat10', 'onehot_feat11'], 'user_feature_dims': {'user_active_degree': 9, 'is_live_streamer': 2, 'is_video_author': 2, 'follow_user_num_range': 8, 'fans_user_num_range': 9, 'friend_user_num_range': 7, 'register_days_range': 8, 'onehot_feat0': 2, 'onehot_feat1': 7, 'onehot_feat6': 3, 'onehot_feat9': 7, 'onehot_feat10': 5, 'onehot_feat11': 5}, 'item_features': ['video_type', 'music_type', 'upload_type', 'tag'], 'item_feature_dims': {'video_type': 3, 'music_type': 6, 'upload_type': 14, 'tag': 47}, 'feedback_type': ['is_click', 'long_view', 'is_like', 'is_comment', 'is_forward', 'is_follow', 'is_hate'], 'feedback_size': 7, 'feedback_negative_sample_rate': {'is_click': 0.8464776846374433, 'long_view': 0.4917230917066313, 'is_like': 0.01871086080593036, 'is_comment': 0.0025916011789654976, 'is_forward': 0.0009298479706030729, 'is_follow': 0.000979149781557057, 'is_hate': -0.0004945594728279478}}
validation before training:
Val result:
{'loss': (1.2672058391776284, 1.2065784931182861, 1.3316010236740112), 'auc': {'is_click': 0.497255625350537, 'long_view': 0.5002046348649098, 'is_like': 0.48846542855490094, 'is_comment': 0.5043042932906323, 'is_forward': 0.5164711778657853, 'is_follow': 0.4940902224681911, 'is_hate': 0.5441771609904662}}
epoch 1 training
user_id: size torch.Size([128]), 
	first 5 tensor([ 5427, 18077, 15103,  7739, 11914])
item_id: size torch.Size([128]), 
	first 5 tensor([ 836,  356,  297, 2321, 2590])
is_click: size torch.Size([128]), 
	first 5 tensor([1, 1, 0, 0, 1])
long_view: size torch.Size([128]), 
	first 5 tensor([0, 1, 0, 0, 0])
is_like: size torch.Size([128]), 
	first 5 tensor([0, 0, 0, 0, 0])
is_comment: size torch.Size([128]), 
	first 5 tensor([0, 0, 0, 0, 0])
is_forward: size torch.Size([128]), 
	first 5 tensor([0, 0, 0, 0, 0])
is_follow: size torch.Size([128]), 
	first 5 tensor([0, 0, 0, 0, 0])
is_hate: size torch.Size([128]), 
	first 5 tensor([0, 0, 0, 0, 0])
loss_weight: size torch.Size([128, 7]), 
	first 5 tensor([[1.0000e+00, 4.9172e-01, 1.8711e-02, 2.5916e-03, 9.2985e-04, 9.7915e-04,
         4.9456e-04],
        [1.0000e+00, 1.0000e+00, 1.8711e-02, 2.5916e-03, 9.2985e-04, 9.7915e-04,
         4.9456e-04],
        [8.4648e-01, 4.9172e-01, 1.8711e-02, 2.5916e-03, 9.2985e-04, 9.7915e-04,
         4.9456e-04],
        [8.4648e-01, 4.9172e-01, 1.8711e-02, 2.5916e-03, 9.2985e-04, 9.7915e-04,
         4.9456e-04],
        [1.0000e+00, 4.9172e-01, 1.8711e-02, 2.5916e-03, 9.2985e-04, 9.7915e-04,
         4.9456e-04]])
uf_user_active_degree: size torch.Size([128, 9]), 
	first 5 tensor([[1., 0., 0., 0., 0., 0., 0., 0., 0.],
        [1., 0., 0., 0., 0., 0., 0., 0., 0.],
        [1., 0., 0., 0., 0., 0., 0., 0., 0.],
        [0., 0., 0., 0., 0., 0., 0., 0., 1.],
        [1., 0., 0., 0., 0., 0., 0., 0., 0.]])
uf_is_live_streamer: size torch.Size([128, 2]), 
	first 5 tensor([[0., 1.],
        [0., 1.],
        [0., 1.],
        [0., 1.],
        [1., 0.]])
uf_is_video_author: size torch.Size([128, 2]), 
	first 5 tensor([[0., 1.],
        [1., 0.],
        [1., 0.],
        [1., 0.],
        [1., 0.]])
uf_follow_user_num_range: size torch.Size([128, 8]), 
	first 5 tensor([[0., 0., 1., 0., 0., 0., 0., 0.],
        [0., 1., 0., 0., 0., 0., 0., 0.],
        [0., 0., 0., 0., 0., 1., 0., 0.],
        [0., 1., 0., 0., 0., 0., 0., 0.],
        [0., 0., 0., 0., 0., 0., 0., 1.]])
uf_fans_user_num_range: size torch.Size([128, 9]), 
	first 5 tensor([[0., 0., 0., 0., 1., 0., 0., 0., 0.],
        [0., 0., 0., 0., 1., 0., 0., 0., 0.],
        [0., 1., 0., 0., 0., 0., 0., 0., 0.],
        [0., 1., 0., 0., 0., 0., 0., 0., 0.],
        [0., 0., 0., 0., 1., 0., 0., 0., 0.]])
uf_friend_user_num_range: size torch.Size([128, 7]), 
	first 5 tensor([[0., 0., 1., 0., 0., 0., 0.],
        [0., 0., 1., 0., 0., 0., 0.],
        [0., 0., 1., 0., 0., 0., 0.],
        [0., 0., 0., 1., 0., 0., 0.],
        [0., 0., 0., 1., 0., 0., 0.]])
uf_register_days_range: size torch.Size([128, 8]), 
	first 5 tensor([[0., 1., 0., 0., 0., 0., 0., 0.],
        [1., 0., 0., 0., 0., 0., 0., 0.],
        [1., 0., 0., 0., 0., 0., 0., 0.],
        [0., 0., 0., 0., 0., 1., 0., 0.],
        [0., 0., 0., 0., 1., 0., 0., 0.]])
uf_onehot_feat0: size torch.Size([128, 2]), 
	first 5 tensor([[0., 1.],
        [0., 1.],
        [0., 1.],
        [1., 0.],
        [1., 0.]])
uf_onehot_feat1: size torch.Size([128, 7]), 
	first 5 tensor([[1., 0., 0., 0., 0., 0., 0.],
        [0., 0., 0., 0., 0., 1., 0.],
        [0., 1., 0., 0., 0., 0., 0.],
        [0., 0., 0., 1., 0., 0., 0.],
        [0., 1., 0., 0., 0., 0., 0.]])
uf_onehot_feat6: size torch.Size([128, 3]), 
	first 5 tensor([[1., 0., 0.],
        [1., 0., 0.],
        [1., 0., 0.],
        [1., 0., 0.],
        [1., 0., 0.]])
uf_onehot_feat9: size torch.Size([128, 7]), 
	first 5 tensor([[0., 0., 0., 0., 1., 0., 0.],
        [0., 0., 1., 0., 0., 0., 0.],
        [0., 1., 0., 0., 0., 0., 0.],
        [0., 0., 0., 1., 0., 0., 0.],
        [1., 0., 0., 0., 0., 0., 0.]])
uf_onehot_feat10: size torch.Size([128, 5]), 
	first 5 tensor([[0., 0., 0., 1., 0.],
        [0., 0., 1., 0., 0.],
        [0., 0., 0., 1., 0.],
        [0., 1., 0., 0., 0.],
        [0., 0., 0., 1., 0.]])
uf_onehot_feat11: size torch.Size([128, 5]), 
	first 5 tensor([[1., 0., 0., 0., 0.],
        [1., 0., 0., 0., 0.],
        [0., 1., 0., 0., 0.],
        [0., 0., 0., 0., 1.],
        [1., 0., 0., 0., 0.]])
if_video_type: size torch.Size([128, 3]), 
	first 5 tensor([[1., 0., 0.],
        [1., 0., 0.],
        [1., 0., 0.],
        [1., 0., 0.],
        [1., 0., 0.]])
if_music_type: size torch.Size([128, 6]), 
	first 5 tensor([[1., 0., 0., 0., 0., 0.],
        [1., 0., 0., 0., 0., 0.],
        [1., 0., 0., 0., 0., 0.],
        [1., 0., 0., 0., 0., 0.],
        [1., 0., 0., 0., 0., 0.]])
if_upload_type: size torch.Size([128, 14]), 
	first 5 tensor([[0., 0., 1., 0., 0., 0., 0., 0., 0., 0., 0., 0., 0., 0.],
        [0., 0., 1., 0., 0., 0., 0., 0., 0., 0., 0., 0., 0., 0.],
        [0., 0., 1., 0., 0., 0., 0., 0., 0., 0., 0., 0., 0., 0.],
        [0., 0., 0., 1., 0., 0., 0., 0., 0., 0., 0., 0., 0., 0.],
        [1., 0., 0., 0., 0., 0., 0., 0., 0., 0., 0., 0., 0., 0.]])
if_tag: size torch.Size([128, 47]), 
	first 5 tensor([[0., 0., 0., 0., 0., 0., 0., 0., 0., 0., 0., 0., 0., 0., 0., 0., 0., 0.,
         0., 0., 0., 0., 0., 1., 0., 0., 0., 0., 0., 0., 0., 0., 0., 0., 0., 0.,
         0., 0., 0., 0., 0., 0., 0., 0., 0., 0., 0.],
        [0., 0., 0., 0., 0., 0., 0., 0., 0., 0., 0., 0., 0., 0., 0., 0., 0., 0.,
         1., 0., 0., 0., 0., 0., 0., 0., 0., 0., 0., 0., 0., 0., 0., 0., 0., 0.,
         0., 0., 0., 0., 0., 0., 0., 0., 0., 0., 0.],
        [0., 0., 0., 0., 0., 0., 0., 0., 0., 0., 1., 0., 0., 0., 0., 0., 0., 0.,
         0., 0., 0., 0., 0., 0., 0., 0., 0., 0., 0., 0., 0., 0., 0., 0., 0., 0.,
         0., 0., 0., 0., 0., 0., 0., 0., 0., 0., 0.],
        [0., 0., 0., 0., 0., 0., 0., 0., 0., 1., 0., 0., 0., 0., 0., 1., 0., 0.,
         0., 0., 0., 0., 0., 0., 0., 0., 0., 0., 0., 0., 0., 0., 0., 0., 0., 0.,
         0., 0., 0., 0., 0., 0., 0., 0., 0., 0., 0.],
        [0., 0., 0., 0., 0., 0., 0., 0., 0., 0., 0., 0., 0., 1., 0., 0., 0., 0.,
         0., 0., 0., 0., 0., 0., 0., 0., 0., 0., 0., 0., 0., 0., 0., 0., 0., 0.,
         0., 0., 0., 0., 0., 0., 0., 0., 0., 0., 0.]])
history: size torch.Size([128, 100]), 
	first 5 tensor([[   0,    0,    0,    0,    0,    0,    0,    0,    0,    0,    0,    0,
            0,    0,    0,    0,    0,    0,    0,    0,    0,    0,    0,    0,
            0,    0,    0,    0,    0,    0, 1367, 2342, 2792,    9, 2151,   48,
          140,  810,   77,    1,   18, 1251,  109,  867, 1335, 3070,  671, 1330,
         5241,  103,  807,   21,  111,   12,  525, 2429, 1973,  888, 1277,   28,
         1418, 1529,  440,  435, 2437, 2847, 1849, 2261, 1787, 1267, 2599,  117,
           55, 1520, 1830,  177,   88, 2779, 2173,  815, 1900,  932, 4178, 3110,
          269, 1427,  686, 1589,  676,  903,  429, 2728, 2160, 2171,   81, 1115,
         2331, 2331, 2406, 1294],
        [   0,    0,    0,    0,    0,    0,    0,    0,    0,    0,    0,    0,
            0,    0,    0,    0,    0,    0,    0,    0,    0,    0,    0,    0,
            0,    0,    0,    0,    0,    0,    0,    0,    0,    0,    0,    0,
            0,    0,    0,    0,    0,    0,    0,    0,    0,    0,    0,    0,
            0,    0,    0,    0,    0,    0,    0,    0,    0,    0,    0,    0,
            0,    0,    0,    0,    0,    0,    0,    0,    0,    0,    0,    0,
            0,    0,    0,    0,    0,    0,    0,    0,    0,    0,    0, 1667,
         1764, 1672,  268,  392, 3744, 1680,  363,  177, 4603, 1729,  380,  277,
          267,  625, 3335,  408],
        [   0,    0,    0,    0,    0,    0,    0,    0,    0,    0,    0,    0,
            0,    0,    0,    0,    0,    0,    0,    0,    0,    0,    0,    0,
            0,    0,    0,    0,    0,    0,    0,    0,    0,    0,    0,    0,
            0,    0,    0,    0,    0,  177, 1353,  621, 2739,  162,  465, 1773,
         1361, 2047, 2777,  857,  668,   25,  121, 1082, 1977,  853, 3256,  410,
         1761, 1541, 3735, 1155, 1155,  727, 1283,  423, 2705, 1694, 3666,  226,
          221, 2159,   71,   71, 4942,  242, 3690, 4129, 2843, 1104, 4048, 2890,
         1768, 1015, 1378,  235, 1033, 2394,  725, 2490,  672, 2580,  779,  933,
          620,  950, 2309, 1852],
        [   0,    0,    0,    0,    0,    0,    0,    0,    0,    0,    0,    0,
            0,    0,    0,    0,    0,    0,    0,    0,    0,    0,    0,    0,
            0,    0,    0,    0,    0,    0,    0,    0,    0,    0,    0,    0,
            0, 1598,  703, 3802, 4989, 4469, 2151,    9, 1946,  740, 1935, 4971,
         1599, 4201, 5065, 1511, 1529, 1605, 2427, 1272,  323, 2555, 4306,  269,
         1603,  264, 3180, 2842, 1275,  500, 2258, 3350, 3457, 1610,  448, 1862,
         4007, 5645,  152, 2561,   47, 4569, 1781, 5459, 1279, 1495, 3518, 2016,
         1645, 3143, 3369,  227, 3845, 2848, 1787, 1761,  565, 4286, 1998, 2245,
         3974, 4792, 2860,  262],
        [3797,  253, 1273, 1029,  315,   12,  398,  561,  120, 1180,    5, 1276,
         2677,  318, 1946, 3127, 1946,  583, 2874, 2870, 1133, 1254, 5031, 1974,
          299, 2281,   13, 3944, 1181,  346, 1485,  345, 1807, 2427, 5472,  264,
          704,  699, 1799,  785, 2507,  119, 1258, 1182, 1115, 4766, 4007, 2860,
         4650,  856,  752, 3210, 2872, 2728,  524, 3628,   83,   35, 1268,  184,
          319, 2894, 1493, 1270, 2894,  265,  290,   47, 1574,  143, 1244,  517,
         1130, 1791, 3387, 2591, 1261,  892,  769, 2135, 1125, 2107,  812, 4823,
         1778,  819,   56,  992,  497, 3314,  201,   58, 2052, 4937, 2194, 1271,
          802, 1788, 2130,  791]], dtype=torch.int32)
history_length: size torch.Size([128]), 
	first 5 tensor([ 70,  17,  59,  63, 100])
history_if_video_type: size torch.Size([128, 300]), 
	first 5 tensor([[0., 0., 0.,  ..., 1., 0., 0.],
        [0., 0., 0.,  ..., 1., 0., 0.],
        [0., 0., 0.,  ..., 1., 0., 0.],
        [0., 0., 0.,  ..., 1., 0., 0.],
        [1., 0., 0.,  ..., 1., 0., 0.]])
history_if_music_type: size torch.Size([128, 600]), 
	first 5 tensor([[0., 0., 0.,  ..., 0., 0., 0.],
        [0., 0., 0.,  ..., 0., 0., 0.],
        [0., 0., 0.,  ..., 0., 0., 0.],
        [0., 0., 0.,  ..., 0., 0., 0.],
        [0., 1., 0.,  ..., 0., 0., 0.]])
history_if_upload_type: size torch.Size([128, 1400]), 
	first 5 tensor([[0., 0., 0.,  ..., 0., 0., 0.],
        [0., 0., 0.,  ..., 0., 0., 0.],
        [0., 0., 0.,  ..., 0., 0., 0.],
        [0., 0., 0.,  ..., 0., 0., 0.],
        [0., 0., 0.,  ..., 0., 0., 0.]])
history_if_tag: size torch.Size([128, 4700]), 
	first 5 tensor([[0., 0., 0.,  ..., 0., 0., 0.],
        [0., 0., 0.,  ..., 0., 0., 0.],
        [0., 0., 0.,  ..., 0., 0., 0.],
        [0., 0., 0.,  ..., 0., 0., 0.],
        [0., 0., 0.,  ..., 0., 0., 0.]])
history_is_click: size torch.Size([128, 100]), 
	first 5 tensor([[0., 0., 0., 0., 0., 0., 0., 0., 0., 0., 0., 0., 0., 0., 0., 0., 0., 0.,
         0., 0., 0., 0., 0., 0., 0., 0., 0., 0., 0., 0., 0., 1., 1., 1., 1., 1.,
         1., 1., 0., 1., 1., 0., 1., 0., 1., 0., 1., 1., 0., 0., 1., 1., 1., 1.,
         0., 0., 0., 1., 1., 1., 0., 1., 1., 1., 0., 1., 1., 0., 1., 1., 1., 0.,
         0., 1., 1., 1., 1., 0., 0., 1., 1., 0., 0., 1., 1., 1., 1., 0., 0., 0.,
         0., 0., 1., 0., 0., 0., 0., 0., 0., 1.],
        [0., 0., 0., 0., 0., 0., 0., 0., 0., 0., 0., 0., 0., 0., 0., 0., 0., 0.,
         0., 0., 0., 0., 0., 0., 0., 0., 0., 0., 0., 0., 0., 0., 0., 0., 0., 0.,
         0., 0., 0., 0., 0., 0., 0., 0., 0., 0., 0., 0., 0., 0., 0., 0., 0., 0.,
         0., 0., 0., 0., 0., 0., 0., 0., 0., 0., 0., 0., 0., 0., 0., 0., 0., 0.,
         0., 0., 0., 0., 0., 0., 0., 0., 0., 0., 0., 0., 0., 0., 1., 0., 0., 0.,
         1., 0., 0., 0., 1., 1., 0., 0., 0., 0.],
        [0., 0., 0., 0., 0., 0., 0., 0., 0., 0., 0., 0., 0., 0., 0., 0., 0., 0.,
         0., 0., 0., 0., 0., 0., 0., 0., 0., 0., 0., 0., 0., 0., 0., 0., 0., 0.,
         0., 0., 0., 0., 0., 0., 0., 0., 0., 0., 0., 0., 0., 0., 0., 0., 0., 0.,
         1., 0., 0., 0., 0., 0., 0., 0., 0., 0., 0., 0., 0., 0., 0., 0., 0., 0.,
         0., 0., 0., 0., 0., 1., 0., 0., 0., 0., 0., 0., 0., 0., 0., 0., 1., 1.,
         1., 1., 0., 1., 0., 0., 1., 0., 0., 0.],
        [0., 0., 0., 0., 0., 0., 0., 0., 0., 0., 0., 0., 0., 0., 0., 0., 0., 0.,
         0., 0., 0., 0., 0., 0., 0., 0., 0., 0., 0., 0., 0., 0., 0., 0., 0., 0.,
         0., 0., 0., 0., 0., 0., 0., 0., 0., 0., 0., 1., 0., 0., 0., 1., 0., 1.,
         0., 0., 0., 0., 1., 1., 1., 0., 1., 1., 0., 0., 0., 0., 1., 1., 0., 0.,
         0., 0., 0., 0., 0., 0., 0., 0., 0., 0., 1., 0., 0., 0., 0., 1., 0., 1.,
         0., 0., 0., 0., 0., 1., 0., 1., 0., 1.],
        [0., 0., 0., 0., 0., 1., 0., 0., 1., 1., 0., 1., 0., 1., 0., 0., 0., 0.,
         0., 0., 0., 1., 0., 1., 1., 0., 0., 0., 0., 0., 0., 1., 0., 1., 1., 0.,
         0., 1., 0., 0., 0., 0., 0., 0., 0., 0., 1., 0., 0., 0., 0., 0., 0., 0.,
         0., 1., 0., 1., 0., 0., 0., 0., 0., 0., 0., 0., 1., 0., 1., 1., 0., 1.,
         1., 1., 0., 1., 0., 1., 1., 1., 0., 0., 0., 0., 0., 0., 0., 0., 1., 0.,
         1., 0., 0., 0., 0., 1., 0., 1., 0., 0.]])
history_long_view: size torch.Size([128, 100]), 
	first 5 tensor([[0., 0., 0., 0., 0., 0., 0., 0., 0., 0., 0., 0., 0., 0., 0., 0., 0., 0.,
         0., 0., 0., 0., 0., 0., 0., 0., 0., 0., 0., 0., 0., 1., 1., 1., 0., 0.,
         1., 0., 0., 1., 0., 0., 1., 0., 0., 0., 1., 0., 0., 0., 1., 1., 0., 1.,
         0., 0., 0., 1., 1., 0., 0., 0., 1., 0., 0., 1., 0., 0., 1., 0., 1., 0.,
         0., 1., 1., 0., 0., 0., 0., 1., 1., 0., 0., 0., 0., 1., 1., 0., 0., 0.,
         0., 0., 1., 0., 0., 0., 0., 0., 0., 1.],
        [0., 0., 0., 0., 0., 0., 0., 0., 0., 0., 0., 0., 0., 0., 0., 0., 0., 0.,
         0., 0., 0., 0., 0., 0., 0., 0., 0., 0., 0., 0., 0., 0., 0., 0., 0., 0.,
         0., 0., 0., 0., 0., 0., 0., 0., 0., 0., 0., 0., 0., 0., 0., 0., 0., 0.,
         0., 0., 0., 0., 0., 0., 0., 0., 0., 0., 0., 0., 0., 0., 0., 0., 0., 0.,
         0., 0., 0., 0., 0., 0., 0., 0., 0., 0., 0., 0., 0., 0., 1., 0., 0., 0.,
         0., 0., 0., 0., 1., 1., 0., 0., 0., 0.],
        [0., 0., 0., 0., 0., 0., 0., 0., 0., 0., 0., 0., 0., 0., 0., 0., 0., 0.,
         0., 0., 0., 0., 0., 0., 0., 0., 0., 0., 0., 0., 0., 0., 0., 0., 0., 0.,
         0., 0., 0., 0., 0., 0., 0., 0., 0., 0., 0., 0., 0., 0., 0., 0., 0., 0.,
         1., 0., 0., 0., 0., 0., 0., 0., 0., 0., 0., 0., 0., 0., 0., 0., 0., 0.,
         0., 0., 0., 0., 0., 1., 0., 0., 0., 0., 0., 0., 0., 0., 0., 0., 1., 1.,
         1., 0., 0., 0., 0., 0., 0., 0., 0., 0.],
        [0., 0., 0., 0., 0., 0., 0., 0., 0., 0., 0., 0., 0., 0., 0., 0., 0., 0.,
         0., 0., 0., 0., 0., 0., 0., 0., 0., 0., 0., 0., 0., 0., 0., 0., 0., 0.,
         0., 0., 0., 0., 0., 0., 0., 0., 0., 0., 0., 0., 0., 0., 0., 0., 0., 1.,
         0., 0., 0., 0., 1., 0., 1., 0., 1., 1., 0., 0., 0., 0., 1., 0., 0., 0.,
         0., 0., 0., 0., 0., 0., 0., 0., 0., 0., 0., 0., 0., 0., 0., 0., 0., 0.,
         0., 0., 0., 0., 0., 0., 0., 0., 0., 1.],
        [0., 0., 0., 0., 0., 1., 0., 0., 0., 1., 0., 1., 0., 0., 0., 0., 0., 0.,
         0., 0., 0., 0., 0., 0., 1., 0., 0., 0., 0., 0., 0., 1., 0., 1., 1., 0.,
         0., 1., 0., 0., 0., 0., 0., 0., 0., 0., 1., 0., 0., 0., 0., 0., 0., 0.,
         0., 1., 0., 0., 0., 0., 0., 0., 0., 0., 0., 0., 1., 0., 1., 1., 0., 1.,
         1., 1., 0., 1., 0., 1., 1., 1., 0., 0., 0., 0., 0., 0., 0., 0., 0., 0.,
         1., 0., 0., 0., 0., 0., 0., 0., 0., 0.]])
history_is_like: size torch.Size([128, 100]), 
	first 5 tensor([[0., 0., 0., 0., 0., 0., 0., 0., 0., 0., 0., 0., 0., 0., 0., 0., 0., 0.,
         0., 0., 0., 0., 0., 0., 0., 0., 0., 0., 0., 0., 0., 0., 0., 0., 0., 0.,
         0., 0., 0., 0., 0., 0., 0., 0., 0., 0., 0., 0., 0., 0., 0., 0., 0., 0.,
         0., 0., 0., 0., 0., 0., 0., 0., 0., 0., 0., 0., 0., 0., 0., 0., 0., 0.,
         0., 0., 0., 0., 0., 0., 0., 0., 0., 0., 0., 0., 0., 0., 0., 0., 0., 0.,
         0., 0., 0., 0., 0., 0., 0., 0., 0., 1.],
        [0., 0., 0., 0., 0., 0., 0., 0., 0., 0., 0., 0., 0., 0., 0., 0., 0., 0.,
         0., 0., 0., 0., 0., 0., 0., 0., 0., 0., 0., 0., 0., 0., 0., 0., 0., 0.,
         0., 0., 0., 0., 0., 0., 0., 0., 0., 0., 0., 0., 0., 0., 0., 0., 0., 0.,
         0., 0., 0., 0., 0., 0., 0., 0., 0., 0., 0., 0., 0., 0., 0., 0., 0., 0.,
         0., 0., 0., 0., 0., 0., 0., 0., 0., 0., 0., 0., 0., 0., 0., 0., 0., 0.,
         0., 0., 0., 0., 0., 0., 0., 0., 0., 0.],
        [0., 0., 0., 0., 0., 0., 0., 0., 0., 0., 0., 0., 0., 0., 0., 0., 0., 0.,
         0., 0., 0., 0., 0., 0., 0., 0., 0., 0., 0., 0., 0., 0., 0., 0., 0., 0.,
         0., 0., 0., 0., 0., 0., 0., 0., 0., 0., 0., 0., 0., 0., 0., 0., 0., 0.,
         0., 0., 0., 0., 0., 0., 0., 0., 0., 0., 0., 0., 0., 0., 0., 0., 0., 0.,
         0., 0., 0., 0., 0., 0., 0., 0., 0., 0., 0., 0., 0., 0., 0., 0., 0., 0.,
         0., 0., 0., 0., 0., 0., 0., 0., 0., 0.],
        [0., 0., 0., 0., 0., 0., 0., 0., 0., 0., 0., 0., 0., 0., 0., 0., 0., 0.,
         0., 0., 0., 0., 0., 0., 0., 0., 0., 0., 0., 0., 0., 0., 0., 0., 0., 0.,
         0., 0., 0., 0., 0., 0., 0., 0., 0., 0., 0., 0., 0., 0., 0., 0., 0., 0.,
         0., 0., 0., 0., 0., 0., 0., 0., 0., 0., 0., 0., 0., 0., 0., 0., 0., 0.,
         0., 0., 0., 0., 0., 0., 0., 0., 0., 0., 0., 0., 0., 0., 0., 0., 0., 0.,
         0., 0., 0., 0., 0., 0., 0., 0., 0., 0.],
        [0., 0., 0., 0., 0., 0., 0., 0., 0., 0., 0., 0., 0., 0., 0., 0., 0., 0.,
         0., 0., 0., 0., 0., 0., 0., 0., 0., 0., 0., 0., 0., 0., 0., 0., 0., 0.,
         0., 0., 0., 0., 0., 0., 0., 0., 0., 0., 0., 0., 0., 0., 0., 0., 0., 0.,
         0., 0., 0., 0., 0., 0., 0., 0., 0., 0., 0., 0., 0., 0., 0., 0., 0., 0.,
         0., 0., 0., 0., 0., 0., 0., 0., 0., 0., 0., 0., 0., 0., 0., 0., 0., 0.,
         0., 0., 0., 0., 0., 0., 0., 0., 0., 0.]])
history_is_comment: size torch.Size([128, 100]), 
	first 5 tensor([[0., 0., 0., 0., 0., 0., 0., 0., 0., 0., 0., 0., 0., 0., 0., 0., 0., 0., 0., 0., 0., 0., 0., 0.,
         0., 0., 0., 0., 0., 0., 0., 0., 0., 0., 0., 0., 0., 0., 0., 0., 0., 0., 0., 0., 0., 0., 0., 0.,
         0., 0., 0., 0., 0., 0., 0., 0., 0., 0., 0., 0., 0., 0., 0., 0., 0., 0., 0., 0., 0., 0., 0., 0.,
         0., 0., 0., 0., 0., 0., 0., 0., 0., 0., 0., 0., 0., 0., 0., 0., 0., 0., 0., 0., 0., 0., 0., 0.,
         0., 0., 0., 0.],
        [0., 0., 0., 0., 0., 0., 0., 0., 0., 0., 0., 0., 0., 0., 0., 0., 0., 0., 0., 0., 0., 0., 0., 0.,
         0., 0., 0., 0., 0., 0., 0., 0., 0., 0., 0., 0., 0., 0., 0., 0., 0., 0., 0., 0., 0., 0., 0., 0.,
         0., 0., 0., 0., 0., 0., 0., 0., 0., 0., 0., 0., 0., 0., 0., 0., 0., 0., 0., 0., 0., 0., 0., 0.,
         0., 0., 0., 0., 0., 0., 0., 0., 0., 0., 0., 0., 0., 0., 0., 0., 0., 0., 0., 0., 0., 0., 0., 0.,
         0., 0., 0., 0.],
        [0., 0., 0., 0., 0., 0., 0., 0., 0., 0., 0., 0., 0., 0., 0., 0., 0., 0., 0., 0., 0., 0., 0., 0.,
         0., 0., 0., 0., 0., 0., 0., 0., 0., 0., 0., 0., 0., 0., 0., 0., 0., 0., 0., 0., 0., 0., 0., 0.,
         0., 0., 0., 0., 0., 0., 0., 0., 0., 0., 0., 0., 0., 0., 0., 0., 0., 0., 0., 0., 0., 0., 0., 0.,
         0., 0., 0., 0., 0., 0., 0., 0., 0., 0., 0., 0., 0., 0., 0., 0., 0., 0., 0., 0., 0., 0., 0., 0.,
         0., 0., 0., 0.],
        [0., 0., 0., 0., 0., 0., 0., 0., 0., 0., 0., 0., 0., 0., 0., 0., 0., 0., 0., 0., 0., 0., 0., 0.,
         0., 0., 0., 0., 0., 0., 0., 0., 0., 0., 0., 0., 0., 0., 0., 0., 0., 0., 0., 0., 0., 0., 0., 0.,
         0., 0., 0., 0., 0., 0., 0., 0., 0., 0., 0., 0., 0., 0., 0., 0., 0., 0., 0., 0., 0., 0., 0., 0.,
         0., 0., 0., 0., 0., 0., 0., 0., 0., 0., 0., 0., 0., 0., 0., 0., 0., 0., 0., 0., 0., 0., 0., 0.,
         0., 0., 0., 0.],
        [0., 0., 0., 0., 0., 0., 0., 0., 0., 0., 0., 0., 0., 0., 0., 0., 0., 0., 0., 0., 0., 0., 0., 0.,
         0., 0., 0., 0., 0., 0., 0., 0., 0., 0., 0., 0., 0., 0., 0., 0., 0., 0., 0., 0., 0., 0., 0., 0.,
         0., 0., 0., 0., 0., 0., 0., 0., 0., 0., 0., 0., 0., 0., 0., 0., 0., 0., 0., 0., 0., 0., 0., 0.,
         0., 0., 0., 0., 0., 0., 0., 0., 0., 0., 0., 0., 0., 0., 0., 0., 0., 0., 0., 0., 0., 0., 0., 0.,
         0., 0., 0., 0.]])
history_is_forward: size torch.Size([128, 100]), 
	first 5 tensor([[0., 0., 0., 0., 0., 0., 0., 0., 0., 0., 0., 0., 0., 0., 0., 0., 0., 0.,
         0., 0., 0., 0., 0., 0., 0., 0., 0., 0., 0., 0., 0., 0., 0., 0., 0., 0.,
         0., 0., 0., 0., 0., 0., 0., 0., 0., 0., 0., 0., 0., 0., 0., 0., 0., 0.,
         0., 0., 0., 0., 0., 0., 0., 0., 0., 0., 0., 0., 0., 0., 0., 0., 0., 0.,
         0., 0., 0., 0., 0., 0., 0., 0., 0., 1., 0., 0., 0., 0., 0., 0., 0., 0.,
         0., 0., 0., 0., 0., 0., 0., 0., 0., 0.],
        [0., 0., 0., 0., 0., 0., 0., 0., 0., 0., 0., 0., 0., 0., 0., 0., 0., 0.,
         0., 0., 0., 0., 0., 0., 0., 0., 0., 0., 0., 0., 0., 0., 0., 0., 0., 0.,
         0., 0., 0., 0., 0., 0., 0., 0., 0., 0., 0., 0., 0., 0., 0., 0., 0., 0.,
         0., 0., 0., 0., 0., 0., 0., 0., 0., 0., 0., 0., 0., 0., 0., 0., 0., 0.,
         0., 0., 0., 0., 0., 0., 0., 0., 0., 0., 0., 0., 0., 0., 0., 0., 0., 0.,
         0., 0., 0., 0., 0., 0., 0., 0., 0., 0.],
        [0., 0., 0., 0., 0., 0., 0., 0., 0., 0., 0., 0., 0., 0., 0., 0., 0., 0.,
         0., 0., 0., 0., 0., 0., 0., 0., 0., 0., 0., 0., 0., 0., 0., 0., 0., 0.,
         0., 0., 0., 0., 0., 0., 0., 0., 0., 0., 0., 0., 0., 0., 0., 0., 0., 0.,
         0., 0., 0., 0., 0., 0., 0., 0., 0., 0., 0., 0., 0., 0., 0., 0., 0., 0.,
         0., 0., 0., 0., 0., 0., 0., 0., 0., 0., 0., 0., 0., 0., 0., 0., 0., 0.,
         0., 0., 0., 0., 0., 0., 0., 0., 0., 0.],
        [0., 0., 0., 0., 0., 0., 0., 0., 0., 0., 0., 0., 0., 0., 0., 0., 0., 0.,
         0., 0., 0., 0., 0., 0., 0., 0., 0., 0., 0., 0., 0., 0., 0., 0., 0., 0.,
         0., 0., 0., 0., 0., 0., 0., 0., 0., 0., 0., 0., 0., 0., 0., 0., 0., 0.,
         0., 0., 0., 0., 0., 0., 0., 0., 0., 0., 0., 0., 0., 0., 0., 0., 0., 0.,
         0., 0., 0., 0., 0., 0., 0., 0., 0., 0., 0., 0., 0., 0., 0., 0., 0., 0.,
         0., 0., 0., 0., 0., 0., 0., 0., 0., 0.],
        [0., 0., 0., 0., 0., 0., 0., 0., 0., 0., 0., 0., 0., 0., 0., 0., 0., 0.,
         0., 0., 0., 0., 0., 0., 0., 0., 0., 0., 0., 0., 0., 0., 0., 0., 0., 0.,
         0., 0., 0., 0., 0., 0., 0., 0., 0., 0., 0., 0., 0., 0., 0., 0., 0., 0.,
         0., 0., 0., 0., 0., 0., 0., 0., 0., 0., 0., 0., 0., 0., 0., 0., 0., 0.,
         0., 0., 0., 0., 0., 0., 0., 0., 0., 0., 0., 0., 0., 0., 0., 0., 0., 0.,
         0., 0., 0., 0., 0., 0., 0., 0., 0., 0.]])
history_is_follow: size torch.Size([128, 100]), 
	first 5 tensor([[0., 0., 0., 0., 0., 0., 0., 0., 0., 0., 0., 0., 0., 0., 0., 0., 0., 0., 0., 0., 0., 0., 0., 0.,
         0., 0., 0., 0., 0., 0., 0., 0., 0., 0., 0., 0., 0., 0., 0., 0., 0., 0., 0., 0., 0., 0., 0., 0.,
         0., 0., 0., 0., 0., 0., 0., 0., 0., 0., 0., 0., 0., 0., 0., 0., 0., 0., 0., 0., 0., 0., 0., 0.,
         0., 0., 0., 0., 0., 0., 0., 0., 0., 0., 0., 0., 0., 0., 0., 0., 0., 0., 0., 0., 0., 0., 0., 0.,
         0., 0., 0., 0.],
        [0., 0., 0., 0., 0., 0., 0., 0., 0., 0., 0., 0., 0., 0., 0., 0., 0., 0., 0., 0., 0., 0., 0., 0.,
         0., 0., 0., 0., 0., 0., 0., 0., 0., 0., 0., 0., 0., 0., 0., 0., 0., 0., 0., 0., 0., 0., 0., 0.,
         0., 0., 0., 0., 0., 0., 0., 0., 0., 0., 0., 0., 0., 0., 0., 0., 0., 0., 0., 0., 0., 0., 0., 0.,
         0., 0., 0., 0., 0., 0., 0., 0., 0., 0., 0., 0., 0., 0., 0., 0., 0., 0., 0., 0., 0., 0., 0., 0.,
         0., 0., 0., 0.],
        [0., 0., 0., 0., 0., 0., 0., 0., 0., 0., 0., 0., 0., 0., 0., 0., 0., 0., 0., 0., 0., 0., 0., 0.,
         0., 0., 0., 0., 0., 0., 0., 0., 0., 0., 0., 0., 0., 0., 0., 0., 0., 0., 0., 0., 0., 0., 0., 0.,
         0., 0., 0., 0., 0., 0., 0., 0., 0., 0., 0., 0., 0., 0., 0., 0., 0., 0., 0., 0., 0., 0., 0., 0.,
         0., 0., 0., 0., 0., 0., 0., 0., 0., 0., 0., 0., 0., 0., 0., 0., 0., 0., 0., 0., 0., 0., 0., 0.,
         0., 0., 0., 0.],
        [0., 0., 0., 0., 0., 0., 0., 0., 0., 0., 0., 0., 0., 0., 0., 0., 0., 0., 0., 0., 0., 0., 0., 0.,
         0., 0., 0., 0., 0., 0., 0., 0., 0., 0., 0., 0., 0., 0., 0., 0., 0., 0., 0., 0., 0., 0., 0., 0.,
         0., 0., 0., 0., 0., 0., 0., 0., 0., 0., 0., 0., 0., 0., 0., 0., 0., 0., 0., 0., 0., 0., 0., 0.,
         0., 0., 0., 0., 0., 0., 0., 0., 0., 0., 0., 0., 0., 0., 0., 0., 0., 0., 0., 0., 0., 0., 0., 0.,
         0., 0., 0., 0.],
        [0., 0., 0., 0., 0., 0., 0., 0., 0., 0., 0., 0., 0., 0., 0., 0., 0., 0., 0., 0., 0., 0., 0., 0.,
         0., 0., 0., 0., 0., 0., 0., 0., 0., 0., 0., 0., 0., 0., 0., 0., 0., 0., 0., 0., 0., 0., 0., 0.,
         0., 0., 0., 0., 0., 0., 0., 0., 0., 0., 0., 0., 0., 0., 0., 0., 0., 0., 0., 0., 0., 0., 0., 0.,
         0., 0., 0., 0., 0., 0., 0., 0., 0., 0., 0., 0., 0., 0., 0., 0., 0., 0., 0., 0., 0., 0., 0., 0.,
         0., 0., 0., 0.]])
history_is_hate: size torch.Size([128, 100]), 
	first 5 tensor([[0., 0., 0., 0., 0., 0., 0., 0., 0., 0., 0., 0., 0., 0., 0., 0., 0., 0., 0., 0., 0., 0., 0., 0.,
         0., 0., 0., 0., 0., 0., 0., 0., 0., 0., 0., 0., 0., 0., 0., 0., 0., 0., 0., 0., 0., 0., 0., 0.,
         0., 0., 0., 0., 0., 0., 0., 0., 0., 0., 0., 0., 0., 0., 0., 0., 0., 0., 0., 0., 0., 0., 0., 0.,
         0., 0., 0., 0., 0., 0., 0., 0., 0., 0., 0., 0., 0., 0., 0., 0., 0., 0., 0., 0., 0., 0., 0., 0.,
         0., 0., 0., 0.],
        [0., 0., 0., 0., 0., 0., 0., 0., 0., 0., 0., 0., 0., 0., 0., 0., 0., 0., 0., 0., 0., 0., 0., 0.,
         0., 0., 0., 0., 0., 0., 0., 0., 0., 0., 0., 0., 0., 0., 0., 0., 0., 0., 0., 0., 0., 0., 0., 0.,
         0., 0., 0., 0., 0., 0., 0., 0., 0., 0., 0., 0., 0., 0., 0., 0., 0., 0., 0., 0., 0., 0., 0., 0.,
         0., 0., 0., 0., 0., 0., 0., 0., 0., 0., 0., 0., 0., 0., 0., 0., 0., 0., 0., 0., 0., 0., 0., 0.,
         0., 0., 0., 0.],
        [0., 0., 0., 0., 0., 0., 0., 0., 0., 0., 0., 0., 0., 0., 0., 0., 0., 0., 0., 0., 0., 0., 0., 0.,
         0., 0., 0., 0., 0., 0., 0., 0., 0., 0., 0., 0., 0., 0., 0., 0., 0., 0., 0., 0., 0., 0., 0., 0.,
         0., 0., 0., 0., 0., 0., 0., 0., 0., 0., 0., 0., 0., 0., 0., 0., 0., 0., 0., 0., 0., 0., 0., 0.,
         0., 0., 0., 0., 0., 0., 0., 0., 0., 0., 0., 0., 0., 0., 0., 0., 0., 0., 0., 0., 0., 0., 0., 0.,
         0., 0., 0., 0.],
        [0., 0., 0., 0., 0., 0., 0., 0., 0., 0., 0., 0., 0., 0., 0., 0., 0., 0., 0., 0., 0., 0., 0., 0.,
         0., 0., 0., 0., 0., 0., 0., 0., 0., 0., 0., 0., 0., 0., 0., 0., 0., 0., 0., 0., 0., 0., 0., 0.,
         0., 0., 0., 0., 0., 0., 0., 0., 0., 0., 0., 0., 0., 0., 0., 0., 0., 0., 0., 0., 0., 0., 0., 0.,
         0., 0., 0., 0., 0., 0., 0., 0., 0., 0., 0., 0., 0., 0., 0., 0., 0., 0., 0., 0., 0., 0., 0., 0.,
         0., 0., 0., 0.],
        [0., 0., 0., 0., 0., 0., 0., 0., 0., 0., 0., 0., 0., 0., 0., 0., 0., 0., 0., 0., 0., 0., 0., 0.,
         0., 0., 0., 0., 0., 0., 0., 0., 0., 0., 0., 0., 0., 0., 0., 0., 0., 0., 0., 0., 0., 0., 0., 0.,
         0., 0., 0., 0., 0., 0., 0., 0., 0., 0., 0., 0., 0., 0., 0., 0., 0., 0., 0., 0., 0., 0., 0., 0.,
         0., 0., 0., 0., 0., 0., 0., 0., 0., 0., 0., 0., 0., 0., 0., 0., 0., 0., 0., 0., 0., 0., 0., 0.,
         0., 0., 0., 0.]])
Iteration 0, loss: 1.2654764652252197
{'is_click': 0.7314038872718811, 'long_view': 0.7849438190460205, 'is_like': 0.9625862240791321, 'is_comment': 0.9756082892417908, 'is_forward': 0.994480311870575, 'is_follow': 0.9744464159011841, 'is_hate': 0.9829123020172119}
Iteration 100, loss: 1.2435223639011384
{'is_click': 0.722056627869606, 'long_view': 0.7709664434194565, 'is_like': 0.9249409073591233, 'is_comment': 0.9496496051549912, 'is_forward': 0.9460421419143676, 'is_follow': 0.9593822085857391, 'is_hate': 0.9316353660821914}
Iteration 200, loss: 1.2339557099342346
{'is_click': 0.7171723580360413, 'long_view': 0.7566583532094956, 'is_like': 0.8776479458808899, 'is_comment': 0.9122902494668961, 'is_forward': 0.9145456236600876, 'is_follow': 0.9263864743709564, 'is_hate': 0.8958975785970688}
Iteration 300, loss: 1.2311840045452118
{'is_click': 0.7161680328845977, 'long_view': 0.7518759578466415, 'is_like': 0.8515273362398148, 'is_comment': 0.8869720250368118, 'is_forward': 0.9018425619602204, 'is_follow': 0.8945551496744156, 'is_hate': 0.866995154619217}
Iteration 400, loss: 1.2285871160030366
{'is_click': 0.7128914099931717, 'long_view': 0.7485211682319641, 'is_like': 0.8402919548749924, 'is_comment': 0.866637841463089, 'is_forward': 0.8974016273021698, 'is_follow': 0.8693489259481431, 'is_hate': 0.8530077987909317}
Iteration 500, loss: 1.2255180513858794
{'is_click': 0.7117899882793427, 'long_view': 0.7463534021377564, 'is_like': 0.8338204050064086, 'is_comment': 0.8559513884782791, 'is_forward': 0.8759502279758453, 'is_follow': 0.8600474578142167, 'is_hate': 0.8435086852312088}
Iteration 600, loss: 1.2227910435199738
{'is_click': 0.7114156383275986, 'long_view': 0.7453820145130158, 'is_like': 0.8280205166339875, 'is_comment': 0.8449491167068481, 'is_forward': 0.8597252976894378, 'is_follow': 0.8572225803136826, 'is_hate': 0.8374816823005676}
Iteration 700, loss: 1.223594788312912
{'is_click': 0.7092008811235427, 'long_view': 0.7392155516147614, 'is_like': 0.8235374063253402, 'is_comment': 0.8357029962539673, 'is_forward': 0.8459376692771912, 'is_follow': 0.8445048075914383, 'is_hate': 0.8319057309627533}
Iteration 800, loss: 1.219852670431137
{'is_click': 0.7099577039480209, 'long_view': 0.7414921659231186, 'is_like': 0.8198526000976563, 'is_comment': 0.8298893821239471, 'is_forward': 0.839894477725029, 'is_follow': 0.8388817828893661, 'is_hate': 0.8270379668474197}
Iteration 900, loss: 1.2170068526268005
{'is_click': 0.7093265861272812, 'long_view': 0.7399495071172715, 'is_like': 0.8166635274887085, 'is_comment': 0.8246706688404083, 'is_forward': 0.833488062620163, 'is_follow': 0.8306528675556183, 'is_hate': 0.8232425725460053}
Iteration 1000, loss: 1.2172885191440583
{'is_click': 0.7096626842021942, 'long_view': 0.7388362735509872, 'is_like': 0.8119691824913025, 'is_comment': 0.819601281285286, 'is_forward': 0.8267927151918412, 'is_follow': 0.8233590537309646, 'is_hate': 0.8200735199451447}
Iteration 1100, loss: 1.2147614872455597
{'is_click': 0.7103585594892502, 'long_view': 0.7374526506662369, 'is_like': 0.809127322435379, 'is_comment': 0.8157706445455551, 'is_forward': 0.8240400820970535, 'is_follow': 0.8175769942998886, 'is_hate': 0.8158300548791886}
Iteration 1200, loss: 1.2109840762615205
{'is_click': 0.7081479126214981, 'long_view': 0.7370859998464584, 'is_like': 0.8057907485961914, 'is_comment': 0.8117865860462189, 'is_forward': 0.8219992351531983, 'is_follow': 0.8117458611726761, 'is_hate': 0.8124272882938385}
Iteration 1300, loss: 1.2133155763149261
{'is_click': 0.7055657804012299, 'long_view': 0.7319699025154114, 'is_like': 0.8019338405132294, 'is_comment': 0.8077421516180039, 'is_forward': 0.8232127606868744, 'is_follow': 0.8088266265392303, 'is_hate': 0.8095879584550858}
Iteration 1400, loss: 1.2099657809734345
{'is_click': 0.7062076890468597, 'long_view': 0.7324540120363235, 'is_like': 0.8004267239570617, 'is_comment': 0.8049830442667008, 'is_forward': 0.8162707018852234, 'is_follow': 0.8057835841178894, 'is_hate': 0.8058078020811081}
Iteration 1500, loss: 1.2076623439788818
{'is_click': 0.7057376390695572, 'long_view': 0.7311890059709549, 'is_like': 0.7971550345420837, 'is_comment': 0.8016860264539719, 'is_forward': 0.8109092164039612, 'is_follow': 0.8021310806274414, 'is_hate': 0.8013656651973724}
Iteration 1600, loss: 1.2073882329463959
{'is_click': 0.7057986330986022, 'long_view': 0.7301912200450897, 'is_like': 0.7934928148984909, 'is_comment': 0.7989516836404801, 'is_forward': 0.8048179709911346, 'is_follow': 0.7989720278978347, 'is_hate': 0.7985160392522812}
Iteration 1700, loss: 1.202874207496643
{'is_click': 0.7078978985548019, 'long_view': 0.731413682103157, 'is_like': 0.7909932100772857, 'is_comment': 0.7960016357898713, 'is_forward': 0.8015871334075928, 'is_follow': 0.7953605788946152, 'is_hate': 0.7956162798404693}
Iteration 1800, loss: 1.2033063173294067
{'is_click': 0.7042482358217239, 'long_view': 0.7273419064283371, 'is_like': 0.7871872222423554, 'is_comment': 0.7922925341129303, 'is_forward': 0.796973528265953, 'is_follow': 0.7916392624378205, 'is_hate': 0.7928210061788559}
Iteration 1900, loss: 1.2011319863796235
{'is_click': 0.704264452457428, 'long_view': 0.7270042288303376, 'is_like': 0.7846574419736863, 'is_comment': 0.7897783553600312, 'is_forward': 0.7938662588596344, 'is_follow': 0.7886961960792541, 'is_hate': 0.790910114645958}
Iteration 2000, loss: 1.1999111461639405
{'is_click': 0.7046862983703613, 'long_view': 0.7266105765104294, 'is_like': 0.7817683619260788, 'is_comment': 0.7872212857007981, 'is_forward': 0.7931368720531463, 'is_follow': 0.7864786779880524, 'is_hate': 0.7889520543813705}
Iteration 2100, loss: 1.1987086582183837
{'is_click': 0.7028841376304626, 'long_view': 0.7246788847446441, 'is_like': 0.7790504938364029, 'is_comment': 0.7837896603345871, 'is_forward': 0.7884530395269393, 'is_follow': 0.7839289146661759, 'is_hate': 0.7846640980243683}
Iteration 2200, loss: 1.1956051063537598
{'is_click': 0.7042144638299942, 'long_view': 0.7253160220384598, 'is_like': 0.776664936542511, 'is_comment': 0.7809064054489135, 'is_forward': 0.7835905158519745, 'is_follow': 0.7811976641416549, 'is_hate': 0.7821674132347107}
Iteration 2300, loss: 1.1958632314205169
{'is_click': 0.7024604046344757, 'long_view': 0.723223574757576, 'is_like': 0.7739583933353424, 'is_comment': 0.7795142668485642, 'is_forward': 0.7819111436605454, 'is_follow': 0.7797002124786377, 'is_hate': 0.779360032081604}
Iteration 2400, loss: 1.1929343736171723
{'is_click': 0.7031673467159272, 'long_view': 0.7230686718225479, 'is_like': 0.7718431973457336, 'is_comment': 0.7772506415843964, 'is_forward': 0.7803524231910706, 'is_follow': 0.7797378498315811, 'is_hate': 0.7765424764156341}
Iteration 2500, loss: 1.1936667048931122
{'is_click': 0.7016864967346191, 'long_view': 0.7206653535366059, 'is_like': 0.7696654677391053, 'is_comment': 0.7741513872146606, 'is_forward': 0.7783140951395034, 'is_follow': 0.7781669294834137, 'is_hate': 0.7742804533243179}
Iteration 2600, loss: 1.1924245059490204
{'is_click': 0.7016444224119186, 'long_view': 0.720751958489418, 'is_like': 0.768055515885353, 'is_comment': 0.7720057344436646, 'is_forward': 0.7765244328975678, 'is_follow': 0.7755504751205444, 'is_hate': 0.773050656914711}
Iteration 2700, loss: 1.1900540506839752
{'is_click': 0.7012224316596984, 'long_view': 0.7201386320590973, 'is_like': 0.7662209272384644, 'is_comment': 0.7700711172819138, 'is_forward': 0.7748860967159271, 'is_follow': 0.7726074957847595, 'is_hate': 0.7701635384559631}
Iteration 2800, loss: 1.189803830385208
{'is_click': 0.7009196865558625, 'long_view': 0.7193280601501465, 'is_like': 0.765329213142395, 'is_comment': 0.7688818109035492, 'is_forward': 0.7721293514966965, 'is_follow': 0.7736209964752198, 'is_hate': 0.7688179725408554}
Iteration 2900, loss: 1.1884373712539673
{'is_click': 0.7013022339344025, 'long_view': 0.7191106843948364, 'is_like': 0.7637906819581985, 'is_comment': 0.7671741247177124, 'is_forward': 0.7692706537246704, 'is_follow': 0.7736687463521957, 'is_hate': 0.7681251758337021}
Iteration 3000, loss: 1.1830353844165802
{'is_click': 0.7011674302816391, 'long_view': 0.71948266685009, 'is_like': 0.7637480908632278, 'is_comment': 0.7665073013305664, 'is_forward': 0.7696940869092941, 'is_follow': 0.7717182338237762, 'is_hate': 0.7686293840408325}
Iteration 3100, loss: 1.1820661783218385
{'is_click': 0.7008465528488159, 'long_view': 0.7199122333526611, 'is_like': 0.7657292520999909, 'is_comment': 0.770410025715828, 'is_forward': 0.7707414084672928, 'is_follow': 0.7731935471296311, 'is_hate': 0.7695969235897064}
Iteration 3200, loss: 1.1802399337291718
{'is_click': 0.7001591742038726, 'long_view': 0.7217551648616791, 'is_like': 0.7785302758216858, 'is_comment': 0.78313392162323, 'is_forward': 0.7821165955066681, 'is_follow': 0.7838224399089814, 'is_hate': 0.7802148884534836}
Iteration 3300, loss: 1.178405019044876
{'is_click': 0.6989246517419815, 'long_view': 0.7246882861852646, 'is_like': 0.7938169658184051, 'is_comment': 0.7849934500455856, 'is_forward': 0.7883688187599183, 'is_follow': 0.7875056743621827, 'is_hate': 0.7833870494365692}
Iteration 3400, loss: 1.1682572317123414
{'is_click': 0.6956365835666657, 'long_view': 0.7297745221853256, 'is_like': 0.8458567428588867, 'is_comment': 0.816821014881134, 'is_forward': 0.8105165499448777, 'is_follow': 0.8277633041143417, 'is_hate': 0.8033922737836838}
Iteration 3500, loss: 1.156289311647415
{'is_click': 0.6886130356788636, 'long_view': 0.7262772715091705, 'is_like': 0.8472794359922409, 'is_comment': 0.81671659886837, 'is_forward': 0.8139130318164826, 'is_follow': 0.8455323082208633, 'is_hate': 0.7894436973333359}
Iteration 3600, loss: 1.1520679116249084
{'is_click': 0.6878846251964569, 'long_view': 0.7316135132312774, 'is_like': 0.8454387098550796, 'is_comment': 0.812608681321144, 'is_forward': 0.8050862640142441, 'is_follow': 0.8484975457191467, 'is_hate': 0.7886468589305877}
Iteration 3700, loss: 1.1502026844024658
{'is_click': 0.6877574771642685, 'long_view': 0.7247219413518906, 'is_like': 0.8302487057447433, 'is_comment': 0.8033723855018615, 'is_forward': 0.7891303235292435, 'is_follow': 0.8395076251029968, 'is_hate': 0.7997952747344971}
Iteration 3800, loss: 1.1524489879608155
{'is_click': 0.6878511482477188, 'long_view': 0.7270587021112442, 'is_like': 0.831903157234192, 'is_comment': 0.8044315278530121, 'is_forward': 0.7907073611021042, 'is_follow': 0.8422500950098037, 'is_hate': 0.7920896869897842}
Iteration 3900, loss: 1.1492312896251677
{'is_click': 0.6859107631444931, 'long_view': 0.7246297770738601, 'is_like': 0.8258284348249435, 'is_comment': 0.8043638759851456, 'is_forward': 0.7888545757532119, 'is_follow': 0.840185341835022, 'is_hate': 0.7905449551343918}
Iteration 4000, loss: 1.1483076214790344
{'is_click': 0.6880432218313217, 'long_view': 0.725946963429451, 'is_like': 0.8263524287939071, 'is_comment': 0.8111818897724151, 'is_forward': 0.7823989284038544, 'is_follow': 0.8351016628742218, 'is_hate': 0.7957456243038178}
Iteration 4100, loss: 1.1452129256725312
{'is_click': 0.6864374321699143, 'long_view': 0.7253268069028854, 'is_like': 0.8224255633354187, 'is_comment': 0.8198501366376877, 'is_forward': 0.7842008203268052, 'is_follow': 0.8281899213790893, 'is_hate': 0.8060428786277771}
Iteration 4200, loss: 1.143660842180252
{'is_click': 0.6840399920940399, 'long_view': 0.7247864496707916, 'is_like': 0.8230855739116669, 'is_comment': 0.826855993270874, 'is_forward': 0.7886834597587585, 'is_follow': 0.826704695224762, 'is_hate': 0.8064338648319245}
Iteration 4300, loss: 1.1450586760044097
{'is_click': 0.6860604727268219, 'long_view': 0.7226808214187622, 'is_like': 0.8138297164440155, 'is_comment': 0.8176414442062377, 'is_forward': 0.7790391755104065, 'is_follow': 0.8101725858449936, 'is_hate': 0.7959788078069687}
Iteration 4400, loss: 1.1423123288154602
{'is_click': 0.6816224694252014, 'long_view': 0.7244406443834305, 'is_like': 0.821774023771286, 'is_comment': 0.825933289527893, 'is_forward': 0.7777844524383545, 'is_follow': 0.8370837193727493, 'is_hate': 0.8007221353054047}
Iteration 4500, loss: 1.142544960975647
{'is_click': 0.6850285691022873, 'long_view': 0.7259693932533264, 'is_like': 0.8211770355701447, 'is_comment': 0.8195659667253494, 'is_forward': 0.7810372418165207, 'is_follow': 0.8473570269346237, 'is_hate': 0.7959735369682313}
Iteration 4600, loss: 1.140705736875534
{'is_click': 0.6809834116697311, 'long_view': 0.7172888678312301, 'is_like': 0.8238421487808227, 'is_comment': 0.8246720248460769, 'is_forward': 0.7950721341371536, 'is_follow': 0.8447569930553436, 'is_hate': 0.7873302727937699}
Iteration 4700, loss: 1.1401662182807923
{'is_click': 0.6818133068084716, 'long_view': 0.7228325694799423, 'is_like': 0.8231364274024964, 'is_comment': 0.8283941805362701, 'is_forward': 0.7935681843757629, 'is_follow': 0.8377057808637619, 'is_hate': 0.7790708583593369}
Iteration 4800, loss: 1.1388998770713805
{'is_click': 0.6823962312936783, 'long_view': 0.7204385858774185, 'is_like': 0.8132872164249421, 'is_comment': 0.8264760023355484, 'is_forward': 0.7910130852460862, 'is_follow': 0.8228087943792343, 'is_hate': 0.7745848083496094}
Iteration 4900, loss: 1.1357397770881652
{'is_click': 0.6805770999193191, 'long_view': 0.7208523714542389, 'is_like': 0.8157538449764252, 'is_comment': 0.8238021898269653, 'is_forward': 0.7946581292152405, 'is_follow': 0.8211059325933456, 'is_hate': 0.7736856275796891}
Iteration 5000, loss: 1.1379058957099915
{'is_click': 0.6831507694721222, 'long_view': 0.7184940582513809, 'is_like': 0.805021984577179, 'is_comment': 0.8191682744026184, 'is_forward': 0.7879323244094849, 'is_follow': 0.8095008212327958, 'is_hate': 0.7801293289661407}
Iteration 5100, loss: 1.1364274966716765
{'is_click': 0.6800793886184693, 'long_view': 0.7184822136163711, 'is_like': 0.8165845316648483, 'is_comment': 0.823924794793129, 'is_forward': 0.7947780263423919, 'is_follow': 0.8122011369466782, 'is_hate': 0.789194153547287}
Iteration 5200, loss: 1.1350677275657655
{'is_click': 0.6824170607328415, 'long_view': 0.7190414202213288, 'is_like': 0.8069013810157776, 'is_comment': 0.8111795777082443, 'is_forward': 0.789173698425293, 'is_follow': 0.7971080267429351, 'is_hate': 0.7823870742321014}
Iteration 5300, loss: 1.1374787139892577
{'is_click': 0.6830830955505371, 'long_view': 0.7201946365833283, 'is_like': 0.8154908376932144, 'is_comment': 0.8137865161895752, 'is_forward': 0.7872989368438721, 'is_follow': 0.8084100830554962, 'is_hate': 0.779126980304718}
Iteration 5400, loss: 1.1321714329719543
{'is_click': 0.6802352029085159, 'long_view': 0.7194171315431594, 'is_like': 0.8176558578014373, 'is_comment': 0.8082462757825851, 'is_forward': 0.7863607621192932, 'is_follow': 0.797921045422554, 'is_hate': 0.776023154258728}
Iteration 5500, loss: 1.1313903319835663
{'is_click': 0.6779690778255463, 'long_view': 0.7178162825107575, 'is_like': 0.8259832733869552, 'is_comment': 0.8038658344745636, 'is_forward': 0.780915440917015, 'is_follow': 0.7964904630184173, 'is_hate': 0.7769664937257766}
Iteration 5600, loss: 1.132636001110077
{'is_click': 0.6802778029441834, 'long_view': 0.716732856631279, 'is_like': 0.8192223328351974, 'is_comment': 0.7945787197351456, 'is_forward': 0.7696571427583695, 'is_follow': 0.8031328755617142, 'is_hate': 0.7704847621917724}
Iteration 5700, loss: 1.1319309091567993
{'is_click': 0.6784252244234085, 'long_view': 0.7177260112762451, 'is_like': 0.8117812305688858, 'is_comment': 0.7897870022058487, 'is_forward': 0.7637822270393372, 'is_follow': 0.7985977965593338, 'is_hate': 0.7658010977506637}
Iteration 5800, loss: 1.1335116839408874
{'is_click': 0.6815525829792023, 'long_view': 0.7195363366603851, 'is_like': 0.7939690315723419, 'is_comment': 0.7847625350952149, 'is_forward': 0.7662462508678436, 'is_follow': 0.7867066341638566, 'is_hate': 0.7613853681087493}
Iteration 5900, loss: 1.1285121822357178
{'is_click': 0.6784795773029327, 'long_view': 0.7156905668973923, 'is_like': 0.8083262699842453, 'is_comment': 0.7961573404073715, 'is_forward': 0.7867106831073761, 'is_follow': 0.7911707746982575, 'is_hate': 0.7639886957406997}
Iteration 6000, loss: 1.1328031456470489
{'is_click': 0.6804202717542648, 'long_view': 0.7194517225027084, 'is_like': 0.8157723468542099, 'is_comment': 0.8007785946130752, 'is_forward': 0.7862082308530808, 'is_follow': 0.7948855739831925, 'is_hate': 0.7686132264137268}
Iteration 6100, loss: 1.1280811202526093
{'is_click': 0.6794349640607834, 'long_view': 0.7179148703813553, 'is_like': 0.8080045747756958, 'is_comment': 0.7955398261547089, 'is_forward': 0.7900563579797745, 'is_follow': 0.7886232775449753, 'is_hate': 0.763235564827919}
Iteration 6200, loss: 1.1291496121883393
{'is_click': 0.6792856931686402, 'long_view': 0.7150456631183624, 'is_like': 0.7996847379207611, 'is_comment': 0.7949652445316314, 'is_forward': 0.789363796710968, 'is_follow': 0.7950739115476608, 'is_hate': 0.7665605986118317}
Iteration 6300, loss: 1.1262184643745423
{'is_click': 0.6776282411813735, 'long_view': 0.7177236956357956, 'is_like': 0.8000608479976654, 'is_comment': 0.8062165760993958, 'is_forward': 0.7930922847986221, 'is_follow': 0.8001102995872498, 'is_hate': 0.772240327000618}
Iteration 6400, loss: 1.1281266248226165
{'is_click': 0.6785220777988434, 'long_view': 0.7179340887069702, 'is_like': 0.8029345297813415, 'is_comment': 0.7982716625928878, 'is_forward': 0.7780719631910324, 'is_follow': 0.7864384526014327, 'is_hate': 0.767616913318634}
Iteration 6500, loss: 1.1273491668701172
{'is_click': 0.6782112717628479, 'long_view': 0.7166852366924286, 'is_like': 0.8009093809127807, 'is_comment': 0.798300894498825, 'is_forward': 0.7710698515176773, 'is_follow': 0.7904342603683472, 'is_hate': 0.7665994906425476}
Iteration 6600, loss: 1.1324881637096404
{'is_click': 0.6815909689664841, 'long_view': 0.7200198268890381, 'is_like': 0.8095005702972412, 'is_comment': 0.7897719699144363, 'is_forward': 0.771267728805542, 'is_follow': 0.797525230050087, 'is_hate': 0.7617979139089585}
Iteration 6700, loss: 1.129533805847168
{'is_click': 0.6794849330186844, 'long_view': 0.7148017972707749, 'is_like': 0.8208322906494141, 'is_comment': 0.7902340561151504, 'is_forward': 0.7690206784009933, 'is_follow': 0.7947969031333924, 'is_hate': 0.7599245339632035}
Iteration 6800, loss: 1.120629938840866
{'is_click': 0.6748349541425704, 'long_view': 0.7163903993368149, 'is_like': 0.8011067456007004, 'is_comment': 0.7937685275077819, 'is_forward': 0.7701732468605041, 'is_follow': 0.7927981287240982, 'is_hate': 0.7616633659601212}
Iteration 6900, loss: 1.1250893115997314
{'is_click': 0.6767427092790603, 'long_view': 0.7148250484466553, 'is_like': 0.8001007413864136, 'is_comment': 0.7954093015193939, 'is_forward': 0.7752644973993301, 'is_follow': 0.7905744397640229, 'is_hate': 0.7701257044076919}
Iteration 7000, loss: 1.1236065673828124
{'is_click': 0.6769390577077865, 'long_view': 0.718504689335823, 'is_like': 0.8090842169523239, 'is_comment': 0.7997987997531891, 'is_forward': 0.7784443986415863, 'is_follow': 0.7922346067428588, 'is_hate': 0.7754559928178787}
Iteration 7100, loss: 1.126791032552719
{'is_click': 0.6815760457515716, 'long_view': 0.7177296978235245, 'is_like': 0.8021525758504867, 'is_comment': 0.785830466747284, 'is_forward': 0.7645785909891128, 'is_follow': 0.7783750140666962, 'is_hate': 0.7590845477581024}
Iteration 7200, loss: 1.1245522236824035
{'is_click': 0.6787558627128601, 'long_view': 0.7144249564409256, 'is_like': 0.7957748150825501, 'is_comment': 0.775398297905922, 'is_forward': 0.7609905415773391, 'is_follow': 0.7667661017179489, 'is_hate': 0.7570483136177063}
Iteration 7300, loss: 1.1240095567703248
{'is_click': 0.6770962589979171, 'long_view': 0.715175238251686, 'is_like': 0.7982593685388565, 'is_comment': 0.7820606499910354, 'is_forward': 0.7690732997655868, 'is_follow': 0.7672580307722092, 'is_hate': 0.7556912434101105}
Iteration 7400, loss: 1.1251665937900543
{'is_click': 0.6781127113103866, 'long_view': 0.7150684404373169, 'is_like': 0.8062419009208679, 'is_comment': 0.7915948206186294, 'is_forward': 0.7738450169563293, 'is_follow': 0.7812398660182953, 'is_hate': 0.758765657544136}
Iteration 7500, loss: 1.125069521665573
{'is_click': 0.6768525034189224, 'long_view': 0.716861207485199, 'is_like': 0.7886991238594055, 'is_comment': 0.7843193328380584, 'is_forward': 0.7624810814857483, 'is_follow': 0.7738025987148285, 'is_hate': 0.7601208835840225}
Iteration 7600, loss: 1.1252188372612
{'is_click': 0.678036784529686, 'long_view': 0.7192468982934952, 'is_like': 0.798444937467575, 'is_comment': 0.7909922248125076, 'is_forward': 0.7623072773218155, 'is_follow': 0.7764090704917908, 'is_hate': 0.7626066416501999}
Iteration 7700, loss: 1.1227624917030334
{'is_click': 0.6798594921827317, 'long_view': 0.7147210395336151, 'is_like': 0.7992846423387527, 'is_comment': 0.7946493619680405, 'is_forward': 0.7584437710046769, 'is_follow': 0.7695087629556656, 'is_hate': 0.7573574566841126}
Iteration 7800, loss: 1.1250591850280762
{'is_click': 0.6794441467523575, 'long_view': 0.7167005270719529, 'is_like': 0.8043818253278733, 'is_comment': 0.8151527202129364, 'is_forward': 0.756045788526535, 'is_follow': 0.7681881082057953, 'is_hate': 0.7552515017986298}
Iteration 7900, loss: 1.1205533170700073
{'is_click': 0.6734495168924332, 'long_view': 0.7141780942678452, 'is_like': 0.8157302784919739, 'is_comment': 0.8213205957412719, 'is_forward': 0.7708987265825271, 'is_follow': 0.7776784199476242, 'is_hate': 0.7624527448415757}
Iteration 8000, loss: 1.1227289092540742
{'is_click': 0.6764673054218292, 'long_view': 0.7148079711198807, 'is_like': 0.8109646600484848, 'is_comment': 0.8146018397808075, 'is_forward': 0.7771681034564972, 'is_follow': 0.7753851068019867, 'is_hate': 0.7536130547523499}
Iteration 8100, loss: 1.117597680091858
{'is_click': 0.6727735584974289, 'long_view': 0.7151439297199249, 'is_like': 0.8108431458473205, 'is_comment': 0.8179639381170273, 'is_forward': 0.7839197719097137, 'is_follow': 0.7859809970855713, 'is_hate': 0.7533322548866273}
Iteration 8200, loss: 1.1247460627555848
{'is_click': 0.677465238571167, 'long_view': 0.7119014346599579, 'is_like': 0.811654867529869, 'is_comment': 0.816415610909462, 'is_forward': 0.7757851856946946, 'is_follow': 0.7810006237030029, 'is_hate': 0.7452462434768676}
Iteration 8300, loss: 1.1234947741031647
{'is_click': 0.6786491566896439, 'long_view': 0.7148141664266586, 'is_like': 0.8141580563783646, 'is_comment': 0.8152022671699524, 'is_forward': 0.7710503590106964, 'is_follow': 0.7755308717489242, 'is_hate': 0.7424276846647263}
Iteration 8400, loss: 1.123172070980072
{'is_click': 0.6787460196018219, 'long_view': 0.7132980632781982, 'is_like': 0.7978882730007172, 'is_comment': 0.8001375758647918, 'is_forward': 0.756771754026413, 'is_follow': 0.7736581927537918, 'is_hate': 0.7452061480283737}
Iteration 8500, loss: 1.1210954439640046
{'is_click': 0.6773075723648071, 'long_view': 0.7125695389509201, 'is_like': 0.8032464897632599, 'is_comment': 0.797942767739296, 'is_forward': 0.7522624129056931, 'is_follow': 0.7731780129671096, 'is_hate': 0.7512806189060212}
Iteration 8600, loss: 1.1225072836875916
{'is_click': 0.6800934910774231, 'long_view': 0.7160349214076995, 'is_like': 0.8057889473438263, 'is_comment': 0.8055280691385269, 'is_forward': 0.7517005640268326, 'is_follow': 0.7714357990026474, 'is_hate': 0.7533289343118668}
Iteration 8700, loss: 1.1196544873714447
{'is_click': 0.6750011193752289, 'long_view': 0.7135361278057099, 'is_like': 0.7969709545373916, 'is_comment': 0.7977427178621292, 'is_forward': 0.7534037512540818, 'is_follow': 0.7690186828374863, 'is_hate': 0.7494238865375519}
Epoch 1; time 1560.4006
epoch 1 validating
Val result:
{'loss': (1.1198431925588905, 1.0204386711120605, 1.205429196357727), 'auc': {'is_click': 0.6890210072807265, 'long_view': 0.6915245078085398, 'is_like': 0.7209911736328778, 'is_comment': 0.6512083147808357, 'is_forward': 0.6145241676582179, 'is_follow': 0.6679608909421946, 'is_hate': 0.6375653485312551}}
Model (checkpoint) saved to output/Kuairand_Pure/env/user_KRMBUserResponse_lr0.0001_reg0.01_nlayer2.model.checkpoint
epoch 2 training
Iteration 0, loss: 1.1740736961364746
{'is_click': 0.6766970753669739, 'long_view': 0.7247085571289062, 'is_like': 0.8007447719573975, 'is_comment': 0.7957618236541748, 'is_forward': 0.7550605535507202, 'is_follow': 0.7807212471961975, 'is_hate': 0.7461797595024109}
Iteration 100, loss: 1.117164627313614
{'is_click': 0.6724453687667846, 'long_view': 0.7127215772867203, 'is_like': 0.8075908696651459, 'is_comment': 0.8088510411977768, 'is_forward': 0.7590241020917893, 'is_follow': 0.7957638317346573, 'is_hate': 0.7453502029180527}
Iteration 200, loss: 1.1182125723361969
{'is_click': 0.6758943796157837, 'long_view': 0.7114693176746368, 'is_like': 0.8090663564205169, 'is_comment': 0.810160139799118, 'is_forward': 0.7697108727693558, 'is_follow': 0.7885861188173294, 'is_hate': 0.7433389341831207}
Iteration 300, loss: 1.1150547182559967
{'is_click': 0.67269391477108, 'long_view': 0.7146820664405823, 'is_like': 0.8029155814647675, 'is_comment': 0.8147132879495621, 'is_forward': 0.779234322309494, 'is_follow': 0.7804245448112488, 'is_hate': 0.7441514503955841}
Iteration 400, loss: 1.116137397289276
{'is_click': 0.673026020526886, 'long_view': 0.7116932666301727, 'is_like': 0.8014101696014404, 'is_comment': 0.8118855029344558, 'is_forward': 0.766064595580101, 'is_follow': 0.7812543511390686, 'is_hate': 0.7439536023139953}
Iteration 500, loss: 1.1175127339363098
{'is_click': 0.6764107841253281, 'long_view': 0.7114172178506851, 'is_like': 0.7984585982561111, 'is_comment': 0.8112554901838303, 'is_forward': 0.7673700362443924, 'is_follow': 0.7787130522727966, 'is_hate': 0.7412685263156891}
Iteration 600, loss: 1.1127169060707092
{'is_click': 0.6749488496780396, 'long_view': 0.7127248805761337, 'is_like': 0.8006622165441513, 'is_comment': 0.8121099042892456, 'is_forward': 0.7688506263494491, 'is_follow': 0.7884580612182617, 'is_hate': 0.7422442078590393}
Iteration 700, loss: 1.1171327650547027
{'is_click': 0.6758239531517028, 'long_view': 0.7135428339242935, 'is_like': 0.8049431782960892, 'is_comment': 0.8053685253858567, 'is_forward': 0.7697366255521775, 'is_follow': 0.7951950091123581, 'is_hate': 0.7439049196243286}
Iteration 800, loss: 1.1149974858760834
{'is_click': 0.6745263409614562, 'long_view': 0.7149711865186691, 'is_like': 0.823793306350708, 'is_comment': 0.8061494475603104, 'is_forward': 0.7754343187808991, 'is_follow': 0.803408591747284, 'is_hate': 0.7505429518222809}
Iteration 900, loss: 1.11684650182724
{'is_click': 0.6747980606555939, 'long_view': 0.7124819803237915, 'is_like': 0.8220361858606339, 'is_comment': 0.8121330577135086, 'is_forward': 0.7762583351135254, 'is_follow': 0.786360290646553, 'is_hate': 0.7500696003437042}
Iteration 1000, loss: 1.113594115972519
{'is_click': 0.6738314718008042, 'long_view': 0.7092724984884262, 'is_like': 0.8133766430616379, 'is_comment': 0.8060286545753479, 'is_forward': 0.7767188733816147, 'is_follow': 0.7784576159715653, 'is_hate': 0.7463811576366425}
Iteration 1100, loss: 1.1159441196918487
{'is_click': 0.6740290832519531, 'long_view': 0.7156838548183441, 'is_like': 0.8069753170013427, 'is_comment': 0.8047406983375549, 'is_forward': 0.7679245501756669, 'is_follow': 0.7721266627311707, 'is_hate': 0.7452000492811203}
Iteration 1200, loss: 1.1118752729892731
{'is_click': 0.6740641593933105, 'long_view': 0.7102408546209336, 'is_like': 0.8041709685325622, 'is_comment': 0.795722638964653, 'is_forward': 0.7686878901720047, 'is_follow': 0.7712831073999404, 'is_hate': 0.7427964270114898}
Iteration 1300, loss: 1.1126339948177337
{'is_click': 0.6712886834144592, 'long_view': 0.7126127856969834, 'is_like': 0.8031266492605209, 'is_comment': 0.8019393074512482, 'is_forward': 0.7661278736591339, 'is_follow': 0.7687075799703598, 'is_hate': 0.7456963443756104}
Iteration 1400, loss: 1.1138052260875702
{'is_click': 0.6762040114402771, 'long_view': 0.7127985471487045, 'is_like': 0.8179924553632736, 'is_comment': 0.8016135716438293, 'is_forward': 0.7672122991085053, 'is_follow': 0.7808787709474564, 'is_hate': 0.7455517840385437}
Iteration 1500, loss: 1.1139755725860596
{'is_click': 0.6741253352165222, 'long_view': 0.714986829161644, 'is_like': 0.8160182207822799, 'is_comment': 0.7989939045906067, 'is_forward': 0.7757945132255554, 'is_follow': 0.7749737411737442, 'is_hate': 0.7429267495870591}
Iteration 1600, loss: 1.1099452710151672
{'is_click': 0.6736009216308594, 'long_view': 0.7110495483875274, 'is_like': 0.8141494774818421, 'is_comment': 0.8063468307256698, 'is_forward': 0.7778396534919739, 'is_follow': 0.772453635931015, 'is_hate': 0.7404684174060822}
Iteration 1700, loss: 1.1151730048656463
{'is_click': 0.6751661467552185, 'long_view': 0.7123261743783951, 'is_like': 0.7997617489099502, 'is_comment': 0.79746133685112, 'is_forward': 0.7725015336275101, 'is_follow': 0.7627651673555375, 'is_hate': 0.7410335147380829}
Iteration 1800, loss: 1.1117481291294098
{'is_click': 0.6746041131019592, 'long_view': 0.7132828813791275, 'is_like': 0.7980539524555206, 'is_comment': 0.8029646039009094, 'is_forward': 0.7714010035991669, 'is_follow': 0.7632580304145813, 'is_hate': 0.7398607730865479}
Iteration 1900, loss: 1.1130792284011841
{'is_click': 0.6741682332754135, 'long_view': 0.710763493180275, 'is_like': 0.7887575405836106, 'is_comment': 0.7985257256031036, 'is_forward': 0.7607601767778397, 'is_follow': 0.7588973391056061, 'is_hate': 0.7369632840156555}
Iteration 2000, loss: 1.1136501789093018
{'is_click': 0.6751504576206208, 'long_view': 0.7120023953914643, 'is_like': 0.7969013905525207, 'is_comment': 0.8034690964221954, 'is_forward': 0.7757698661088943, 'is_follow': 0.7693743628263473, 'is_hate': 0.7401566326618194}
Iteration 2100, loss: 1.1139301216602326
{'is_click': 0.6742947041988373, 'long_view': 0.7126352399587631, 'is_like': 0.8000937342643738, 'is_comment': 0.8078120988607407, 'is_forward': 0.7886997771263122, 'is_follow': 0.7763772141933442, 'is_hate': 0.7379217451810837}
Iteration 2200, loss: 1.1091654753684999
{'is_click': 0.6716377419233323, 'long_view': 0.7121874082088471, 'is_like': 0.7943051141500473, 'is_comment': 0.803067467212677, 'is_forward': 0.7994933217763901, 'is_follow': 0.7685519248247147, 'is_hate': 0.7395092976093293}
Iteration 2300, loss: 1.1140669536590577
{'is_click': 0.6748624855279922, 'long_view': 0.7142846685647964, 'is_like': 0.790593889951706, 'is_comment': 0.7960891020298004, 'is_forward': 0.7838982439041138, 'is_follow': 0.7684161186218261, 'is_hate': 0.7368925142288208}
Iteration 2400, loss: 1.11103271484375
{'is_click': 0.6756260019540786, 'long_view': 0.7127489429712296, 'is_like': 0.7969064569473266, 'is_comment': 0.8077068209648133, 'is_forward': 0.7838928776979447, 'is_follow': 0.7747362089157105, 'is_hate': 0.7381389653682708}
Iteration 2500, loss: 1.1135507917404175
{'is_click': 0.6753229838609696, 'long_view': 0.7109908998012543, 'is_like': 0.7987830567359925, 'is_comment': 0.8076330476999283, 'is_forward': 0.7820143628120423, 'is_follow': 0.781477478146553, 'is_hate': 0.7454876846075058}
Iteration 2600, loss: 1.1119115793704986
{'is_click': 0.6727199363708496, 'long_view': 0.7117018961906433, 'is_like': 0.8099824994802475, 'is_comment': 0.8051809072494507, 'is_forward': 0.7816639959812164, 'is_follow': 0.7928379088640213, 'is_hate': 0.7475071316957473}
Iteration 2700, loss: 1.1106104683876037
{'is_click': 0.6734093219041825, 'long_view': 0.708867062330246, 'is_like': 0.7962988609075546, 'is_comment': 0.8001774841547012, 'is_forward': 0.7755089044570923, 'is_follow': 0.7881502097845078, 'is_hate': 0.7477664566040039}
Iteration 2800, loss: 1.1104520094394683
{'is_click': 0.6731550931930542, 'long_view': 0.7101774817705154, 'is_like': 0.7919044882059098, 'is_comment': 0.7933878707885742, 'is_forward': 0.7729121094942093, 'is_follow': 0.7862313848733902, 'is_hate': 0.7521522557735443}
Iteration 2900, loss: 1.1099886798858642
{'is_click': 0.6729594135284424, 'long_view': 0.7115923321247101, 'is_like': 0.8102859687805176, 'is_comment': 0.807773100733757, 'is_forward': 0.787367987036705, 'is_follow': 0.7939675742387772, 'is_hate': 0.7541843992471695}
Iteration 3000, loss: 1.1085978221893311
